[?25l---tty-stream-chunk-separator

---tty-stream-chunk-separator
* ---tty-stream-chunk-separator
[2K[1G---tty-stream-chunk-separator
[?25h
  [31m1 uncaught exception[39m

  [1mUncaught exception in test/fixture/report/typescript/build-error.ts[22m

  [90mbuild-error.ts(1,1): error TS2304: Cannot find name 'trigger'.[39m
  [90mbuild-error.ts(2,1): error TS2304: Cannot find name 'lets'.[39m

---tty-stream-chunk-separator
