TAP version 13
---tty-stream-chunk-separator
# TypeError: _.default.serial.test is not a function
not ok 1 - TypeError: _.default.serial.test is not a function
  ---
    name: TypeError
    message: _.default.serial.test is not a function
    at: 'Object.test (bad-test-chain.js:3:13)'
  ...
---tty-stream-chunk-separator
# test/fixture/report/regular/bad-test-chain.js exited with a non-zero exit code: 1
not ok 2 - test/fixture/report/regular/bad-test-chain.js exited with a non-zero exit code: 1
---tty-stream-chunk-separator
# unhandled-rejection â€º passes
ok 3 - unhandled-rejection [90m[2mâ€º[22m[39m passes
---tty-stream-chunk-separator
# unhandled-rejection â€º unhandled non-error rejection
ok 4 - unhandled-rejection [90m[2mâ€º[22m[39m unhandled non-error rejection
---tty-stream-chunk-separator
# Error: Can't catch me
not ok 5 - Error: Can't catch me
  ---
    name: Error
    message: Can't catch me
    at: 't (unhandled-rejection.js:4:17)'
  ...
---tty-stream-chunk-separator
# unhandled-rejection
not ok 6 - unhandled-rejection
  ---
    message: Non-error object
    formatted: 'null'
  ...
---tty-stream-chunk-separator
# uncaught-exception â€º passes
ok 7 - uncaught-exception [90m[2mâ€º[22m[39m passes
---tty-stream-chunk-separator
# Error: Can't catch me
not ok 8 - Error: Can't catch me
  ---
    name: Error
    message: Can't catch me
    at: 'Timeout.setTimeout (uncaught-exception.js:5:9)'
  ...
---tty-stream-chunk-separator
# test/fixture/report/regular/uncaught-exception.js exited with a non-zero exit code: 1
not ok 9 - test/fixture/report/regular/uncaught-exception.js exited with a non-zero exit code: 1
---tty-stream-chunk-separator
stdout
---tty-stream-chunk-separator
stderr
---tty-stream-chunk-separator
# test â€º skip
ok 10 - test [90m[2mâ€º[22m[39m skip # SKIP
---tty-stream-chunk-separator
# test â€º todo
not ok 11 - test [90m[2mâ€º[22m[39m todo # TODO
---tty-stream-chunk-separator
# test â€º passes
ok 12 - test [90m[2mâ€º[22m[39m passes
---tty-stream-chunk-separator
# test â€º fails
not ok 13 - test [90m[2mâ€º[22m[39m fails
  ---
    name: AssertionError
    message: Test failed via `t.fail()`
    assertion: fail
    at: 'fail (test.js:12:22)'
  ...
---tty-stream-chunk-separator
# test â€º known failure
ok 14 - test [90m[2mâ€º[22m[39m known failure
---tty-stream-chunk-separator
# test â€º no longer failing
not ok 15 - test [90m[2mâ€º[22m[39m no longer failing
  ---
    name: Error
    message: >-
      Test was expected to fail, but succeeded, you should stop marking the test as
      failing
  ...
---tty-stream-chunk-separator
# test â€º logs
not ok 16 - test [90m[2mâ€º[22m[39m logs
  * hello
  * world
  ---
    name: AssertionError
    message: Test failed via `t.fail()`
    assertion: fail
    at: 'fail (test.js:21:4)'
  ...
---tty-stream-chunk-separator
# test â€º formatted
not ok 17 - test [90m[2mâ€º[22m[39m formatted
  ---
    name: AssertionError
    assertion: deepEqual
    values:
      'Difference:': |-
        - 'foo'
        + 'bar'
    at: 'deepEqual (test.js:25:4)'
  ...
---tty-stream-chunk-separator
# test â€º power-assert
not ok 18 - test [90m[2mâ€º[22m[39m power-assert
  ---
    name: AssertionError
    assertion: falsy
    operator: '!'
    values:
      'Value is not falsy:': '''bar'''
    at: 'falsy (test.js:30:4)'
  ...
---tty-stream-chunk-separator
# test â€º bad throws
not ok 19 - test [90m[2mâ€º[22m[39m bad throws
  ---
    name: AssertionError
    message: Improper usage of `t.throws()` detected
    assertion: throws
    values:
      'The following error was thrown, possibly before `t.throws()` could be called:': |-
        Error {
          message: 'err',
        }
    at: 'fn (test.js:35:9)'
  ...
---tty-stream-chunk-separator
# test â€º bad notThrows
not ok 20 - test [90m[2mâ€º[22m[39m bad notThrows
  ---
    name: AssertionError
    message: Improper usage of `t.notThrows()` detected
    assertion: notThrows
    values:
      'The following error was thrown, possibly before `t.notThrows()` could be called:': |-
        Error {
          message: 'err',
        }
    at: 'fn (test.js:43:9)'
  ...
---tty-stream-chunk-separator
# test â€º implementation throws non-error
not ok 21 - test [90m[2mâ€º[22m[39m implementation throws non-error
  ---
    name: AssertionError
    message: Error thrown in test
    values:
      'Error thrown in test:': 'null'
  ...
---tty-stream-chunk-separator
# slow â€º slow
ok 22 - slow [90m[2mâ€º[22m[39m slow
---tty-stream-chunk-separator
# output-in-hook â€º passing test
ok 23 - output-in-hook [90m[2mâ€º[22m[39m passing test
---tty-stream-chunk-separator
# output-in-hook â€º failing test
not ok 24 - output-in-hook [90m[2mâ€º[22m[39m failing test
  ---
    name: AssertionError
    message: Test failed via `t.fail()`
    assertion: fail
    at: 'fail (output-in-hook.js:34:4)'
  ...
---tty-stream-chunk-separator

1..18
# tests 17
# pass 7
# skip 1
# fail 16

---tty-stream-chunk-separator
